1706
2527
1729
3328
1751
2554
1775
3177
1798
2482
1820
3260
1843
2620
1866
3073
1888
3383
1910
3249
1934
3335
1956
2865
1980
3186
2002
2179
2025
2979
2049
1976
2071
2668
2093
1756
2116
2569
2138
2234
2162
2661
2185
2256
2208
2662
2230
1835
2253
2702
2276
2193
2298
2725
2321
2305
2344
2996
2367
2417
2389
3080
2412
3071
2435
2520
2458
2362
2480
3124
2502
1641
2526
2393
2549
1683
2571
2656
2594
1635
2617
2883
2640
1830
2662
2797
2685
1758
2708
2809
2730
1772
2753
1385
2775
2896
2798
1258
2821
2585
2844
1282
2867
2497
2889
2030
2913
990
2935
1923
2957
1575
2981
1344
3004
333
3027
996
3049
1528
3072
535
3094
1624
3117
514
3139
1512
3162
662
3186
1433
3208
375
3231
1395
3254
897
3277
1622
3299
630
3322
1528
3344
606
3368
1135
3392
279
3413
1041
3436
930
3458
815
3481
-217
3503
754
3527
431
3550
1144
3573
874
3595
121
3618
519
3641
-53
3664
431
3686
-613
3709
397
3733
-164
3755
515
3777
284
3799
-419
3822
128
3846
-91
3869
-351
3890
-1158
3914
-484
3936
-1393
3958
-339
3982
-1112
4004
-122
4027
-411
4049
-1409
4072
-494
4096
-507
4119
-186
4141
-1438
4164
-51
4187
-911
4210
379
4233
-1090
4255
-275
4278
-918
4300
-1391
4323
-374
4345
-1872
4368
-785
4391
-1510
4414
-793
4437
-2305
4460
-822
4482
-2695
4505
-1226
4528
-2856
4551
-1255
4574
-1477
4597
-2901
4619
-1366
4642
-2840
4664
-1250
4687
-1715
4710
-2083
4733
-1463
4756
-1634
4778
-1476
4800
-1675
4824
-2723
4846
-1923
4869
-3278
4891
-1865
4916
-2931
4938
-1643
4960
-1902
4983
-3179
5006
-1806
5028
-2951
5051
-1994
5074
-2840
5097
-1706
5120
-3040
5143
-1584
5164
-2828
5188
-1820
5211
-2996
5233
-1868
5256
-2310
5279
-2654
5302
-3081
5324
-2209
5346
-2923
5369
-2312
5393
-2787
5415
-2706
5438
-3132
5461
-2449
5484
-3318
5507
-2539
5529
-3263
5551
-2806
5575
-2106
5597
-2317
5620
-3320
5642
-2236
5665
-3270
5689
-2410
5711
-2941
5733
-2605
0
0
0
0
0
0
0
0
0
0
0
0
0
0
0
0
0
0
0
0
0
0
0
0
0
0
0
0
0
0
0
0
0
0
0
0
0
0
0
0
0
0
0
0
0
0
0
0
0
0
0
0
0
0
0
0
0
0
0
0
0
0
0
0
0
0
0
0
0
0
0
0
0
0
0
0
0
0
0
0
0
0
0
0
0
0
0
0
0
0
0
0
0
0
0
0
0
0
0
0
0
0
0
0
0
0
0
0
0
0
0
0
0
0
0
0
0
0
0
0
0
0
0
0
0
0
0
0
0
0
0
0
0
0
0
0
0
0
0
0
0
0
0
0
0
0
0
0
0
0
0
0
0
0
0
0
0
0
0
0
0
0
0
0
0
0
0
0
0
0
0
0
0
0
0
0
0
0
0
0
0
0
0
0
0
0
0
0
0
0
0
0
0
0
0
0
0
0
0
0
0
0
0
0
0
0
0
0
0
0
0
0
0
0
0
0
0
0
0
0
0
0
0
0
0
0
0
0
0
0
0
0
0
0
0
0
0
0
0
0
0
0
0
0
0
0
0
0
0
0
0
0
0
0
0
0
0
0
0
0
0
0
0
0
0
0
0
0
0
0
0
0
0
0
0
0
0
0
0
0
0
0
0
0
0
0
0
0
0
0
0
0
0
0
0
0
0
0
0
0
0
0
0
0
0
0
0
0
0
0
0
0
0
0
0
0
0
0
0
0
0
0
0
0
0
0
0
0
0
0
0
0
0
0
0
0
0
0
0
0
0
0
0
0
0
0
0
0
0
0
0
0
0
0
0
0
0
0
0
0
0
0
0
0
0
0
0
0
0
0
0
0
0
0
0
0
0
0
0
0
0
0
0
0
0
0
0
0
0
0
0
0
0
0
0
0
0
0
0
0
0
0
0
0
0
0
0
0
0
0
0
0
0
0
0
0
0
0
0
0
0
0
0
0
0
0
0
0
0
0
0
0
0
0
0
0
0
0
0
0
0
0
0
0
2527
0
3328
0
2554
0
3177
0
2482
0
3260
0
2620
0
3073
0
3383
0
3249
0
3335
0
2865
1
3186
0
2179
0
2979
0
1976
0
2668
0
1756
0
2569
0
2234
0
2661
0
2256
0
2662
25600
1835
16384
2702
6
2193
0
2725
0
2305
0
2996
0
2417
0
3080
0
3071
3
2520
0
2362
16
3124
0
1641
0
2393
0
1683
0
2656
2
1635
0
2883
0
1830
0
2797
26624
1758
16384
2809
12
1772
0
1385
0
2896
0
1258
0
2585
0
1282
0
2497
3
2030
0
990
16
1923
0
1575
0
1344
0
333
0
996
2
1528
0
535
0
1624
0
514
3072
1512
16384
662
83
1433
0
375
0
1395
0
897
999
1622
0
630
0
1528
0
606
0
1135
0
279
128
1041
0
930
0
815
0
-217
0
754
0
431
0
1144
0
874
0
121
0
519
0
-53
0
431
0
-613
0
397
0
-164
0
515
0
284
0
-419
512
128
257
-91
257
-351
257
-1158
257
-484
1
-1393
4096
-339
16384
-1112
83
-122
0
-411
0
-1409
0
-494
999
-507
0
-186
0
-1438
0
-51
0
-911
0
379
128
-1090
0
-275
0
-918
0
-1391
0
-374
0
-1872
0
-785
0
-1510
0
-793
0
-2305
0
-822
0
-2695
0
-1226
0
-2856
0
-1255
0
-1477
0
-2901
0
-1366
512
-2840
257
-1250
257
-1715
257
-2083
257
-1463
1
-1634
4096
-1476
16385
-1675
-15872
-2723
1
-1923
0
-3278
0
-1865
0
-2931
0
-1643
0
-1902
0
-3179
12
-1806
0
-2951
0
-1994
0
-2840
0
-1706
0
-3040
296
-1584
8192
-2828
12
-1820
0
-2996
9196
-1868
8192
-2310
1
-2654
1
-3081
0
-2209
0
-2923
0
-2312
0
-2787
11564
-2706
8192
-3132
11468
-2449
8192
-3318
8192
-2539
34
-3263
0
-2806
0
-2106
18432
-2317
16384
-3320
-31072
-2236
1
-3270
4096
-2410
0
-2941
0
-2605
0
0
1024
0
0
0
12
0
0
0
0
0
0
0
0
0
0
0
0
0
0
0
0
0
0
0
11008
0
8192
0
18
0
18
0
1
0
0
0
0
0
0
0
0
0
0
0
0
0
0
0
8192
0
34
0
0
0
0
0
5120
0
16385
0
-15872
0
1
0
0
0
0
0
0
0
0
0
0
0
0
0
12
0
0
0
0
0
0
0
0
0
0
0
0
0
0
0
0
0
0
0
0
0
0
0
0
0
0
0
0
0
0
0
0
0
0
0
11756
0
8192
0
11660
0
8192
0
8192
0
32
0
0
0
0
0
25664
0
16386
0
0
0
2048
0
0
0
0
0
0
0
0
0
1024
0
0
0
0
0
0
0
0
0
0
0
0
0
0
0
0
0
0
0
0
0
0
0
0
0
0
0
0
0
0
0
0
0
0
0
256
0
0
0
11252
0
8192
0
0
0
0
0
0
0
0
0
0
0
0
0
0
0
0
0
0
0
0
0
0
0
0
0
0
0
0
0
25600
0
16386
0
16
0
0
0
25784
0
16386
0
0
0
2048
0
64
0
0
0
0
0
0
0
1024
0
0
0
0
0
0
0
0
0
0
0
0
0
0
0
0
0
0
0
0
0
0
0
0
0
0
0
0
0
0
0
0
0
0
0
256
0
0
0
11252
0
8192
0
18975
0
2048
0
19063
0
2048
0
0
0
0
0
0
0
0
0
18679
0
2048
0
0
0
0
0
0
0
0
0
25604
0
16386
0
22
0
0
0
25640
0
16386
0
0
0
2560
0
0
0
0
0
0
0
0
0
1024
0
0
0
0
0
0
0
0
0
0
0
0
0
0
0
0
0
0
0
0
0
0
0
0
0
0
0
0
0
0
0
0
0
0
0
256
0
0
0
11396
0
8192
0
0
0
0
0
0
0
0
0
0
0
0
0
0
0
0
0
0
0
0
0
0
0
0
0
0
0
0
0
25600
0
16386
0
6
0
0
0
25760
0
16386
0
0
0
2560
0
64
0
0
0
0
0
0
0
1024
0
0
0
0
0
0
0
0
0
0
0
0
0
0
0
0
0
0
0
0
0
0
0
0
0
0
0
0
0
0
0
0
1
0
0
256
0
0
0
11396
0
8192
0
0
0
0
0
0
0
0
0
0
0
0
25600
0
16384
0
6
0
0
0
0
0
0
0
0
0
0
0
0
25604
3
16386
0
16
16
0
0
2
0
0
0
0
0
0
2
0
0
0
0
0
0
0
26624
0
16384
0
12
0
0
0
0
0
0
0
0
0
0
0
0
0
3
0
0
0
16
0
0
0
0
0
0
0
0
0
2
0
0
0
0
0
0
0
3072
0
16384
0
83
0
0
0
0
0
0
0
999
0
0
0
0
0
0
0
0
0
0
0
128
0
0
0
0
11852
0
8192
0
593
0
2048
0
0
0
0
0
0
0
0
0
0
0
0
0
0
0
0
0
0
0
0
0
0
0
0
512
0
257
0
257
0
257
0
257
0
1
0
4096
0
16384
0
83
0
0
0
0
0
0
0
999
0
0
0
0
0
0
0
0
0
0
0
128
0
0
0
0
0
0
0
0
0
0
0
0
0
0
0
0
0
0
0
0
0
0
0
0
0
0
0
0
0
0
0
0
0
0
0
512
0
257
0
257
0
257
0
257
0
1
0
4096
0
16385
0
-15872
0
1
0
0
0
0
0
0
0
0
0
0
0
0
0
12
0
0
0
0
0
0
0
0
0
0
0
296
0
8192
0
12
0
0
0
9196
0
8192
0
1
0
1
0
0
0
0
0
0
0
0
0
11564
0
8192
0
11468
0
8192
0
8192
0
34
0
0
0
0
0
18432
0
16384
0
-31072
0
1
0
4096
0
0
0
0
0
0
0
1024
0
0
0
12
0
0
0
0
0
0
0
0
0
0
0
0
0
0
0
0
0
0
0
11008
0
8192
0
18
0
18
0
1
0
0
0
0
0
0
0
0
0
0
0
